org.mozilla.javascript.EcmaError: ReferenceError: "ad" is not defined. (작동#1030(eval)#1)
	at org.mozilla.javascript.ScriptRuntime.constructError(ScriptRuntime.java:7)
	at org.mozilla.javascript.ScriptRuntime.constructError(ScriptRuntime.java:2)
	at org.mozilla.javascript.ScriptRuntime.notFoundError(ScriptRuntime.java:2)
	at org.mozilla.javascript.ScriptRuntime.nameOrFunction(ScriptRuntime.java:19)
	at org.mozilla.javascript.ScriptRuntime.name(ScriptRuntime.java:5)
	at org.mozilla.javascript.Interpreter.interpretLoop(Interpreter.java:90)
	at script(작동#1030(eval):1)
	at org.mozilla.javascript.Interpreter.interpret(Interpreter.java:10)
	at org.mozilla.javascript.InterpretedFunction.call(InterpretedFunction.java:3)
	at org.mozilla.javascript.ContextFactory.doTopCall(ContextFactory.java:1)
	at org.mozilla.javascript.ScriptRuntime.doTopCall(ScriptRuntime.java:8)
	at org.mozilla.javascript.InterpretedFunction.call(InterpretedFunction.java:2)
	at com.xfl.msgbot.script.api.compat.MsgBot$setInterval$1$1$1.invoke(MsgBot.kt:8)
	at com.xfl.msgbot.script.api.compat.MsgBot$setInterval$1$1$1.invoke(MsgBot.kt:1)
	at com.xfl.msgbot.script.api.compat.MsgBot.withRhinoContext(MsgBot.kt:2)
	at com.xfl.msgbot.script.api.compat.MsgBot.access$withRhinoContext(MsgBot.kt:1)
	at com.xfl.msgbot.script.api.compat.MsgBot$setInterval$1.invokeSuspend$lambda-0(MsgBot.kt:1)
	at com.xfl.msgbot.script.api.compat.MsgBot$setInterval$1.a(Unknown Source:0)
	at com.xfl.msgbot.script.api.compat.a.run(Unknown Source:14)
	at java.lang.Thread.run(Thread.java:764)
